# JRE version: OpenJDK Runtime Environment (8.0_242-b01) (build 1.8.0_242-release-1644-b01)
# Java VM: OpenJDK 64-Bit Server VM (25.242-b01 mixed mode windows-amd64 compressed oops)
Heap:
 PSYoungGen      total 267264K, used 98861K [0x00000000d5580000, 0x00000000e7480000, 0x0000000100000000)
  eden space 244736K, 31% used [0x00000000d5580000,0x00000000da057080,0x00000000e4480000)
  from space 22528K, 98% used [0x00000000e4480000,0x00000000e5a34708,0x00000000e5a80000)
  to   space 17408K, 0% used [0x00000000e5a80000,0x00000000e5a80000,0x00000000e6b80000)
 ParOldGen       total 86528K, used 36831K [0x0000000080000000, 0x0000000085480000, 0x00000000d5580000)
  object space 86528K, 42% used [0x0000000080000000,0x00000000823f7d10,0x0000000085480000)
 Metaspace       used 75623K, capacity 79322K, committed 79512K, reserved 1118208K
  class space    used 10229K, capacity 10911K, committed 10928K, reserved 1048576K
GC Heap History (10 events):
Event: 2.689 GC heap before
{Heap before GC invocations=10 (full 2):
 PSYoungGen      total 211456K, used 8591K [0x00000000d5580000, 0x00000000e3500000, 0x0000000100000000)
  eden space 197120K, 0% used [0x00000000d5580000,0x00000000d5580000,0x00000000e1600000)
  from space 14336K, 59% used [0x00000000e2380000,0x00000000e2be3c18,0x00000000e3180000)
  to   space 13824K, 0% used [0x00000000e1600000,0x00000000e1600000,0x00000000e2380000)
 ParOldGen       total 56320K, used 9920K [0x0000000080000000, 0x0000000083700000, 0x00000000d5580000)
  object space 56320K, 17% used [0x0000000080000000,0x00000000809b01c0,0x0000000083700000)
 Metaspace       used 34333K, capacity 35432K, committed 35496K, reserved 1079296K
  class space    used 4730K, capacity 5007K, committed 5040K, reserved 1048576K
Event: 2.722 GC heap after
Heap after GC invocations=10 (full 2):
 PSYoungGen      total 211456K, used 0K [0x00000000d5580000, 0x00000000e3500000, 0x0000000100000000)
  eden space 197120K, 0% used [0x00000000d5580000,0x00000000d5580000,0x00000000e1600000)
  from space 14336K, 0% used [0x00000000e2380000,0x00000000e2380000,0x00000000e3180000)
  to   space 13824K, 0% used [0x00000000e1600000,0x00000000e1600000,0x00000000e2380000)
 ParOldGen       total 86528K, used 14842K [0x0000000080000000, 0x0000000085480000, 0x00000000d5580000)
  object space 86528K, 17% used [0x0000000080000000,0x0000000080e7eb60,0x0000000085480000)
 Metaspace       used 34333K, capacity 35432K, committed 35496K, reserved 1079296K
  class space    used 4730K, capacity 5007K, committed 5040K, reserved 1048576K
}
Event: 3.647 GC heap before
{Heap before GC invocations=11 (full 2):
 PSYoungGen      total 211456K, used 197120K [0x00000000d5580000, 0x00000000e3500000, 0x0000000100000000)
  eden space 197120K, 100% used [0x00000000d5580000,0x00000000e1600000,0x00000000e1600000)
  from space 14336K, 0% used [0x00000000e2380000,0x00000000e2380000,0x00000000e3180000)
  to   space 13824K, 0% used [0x00000000e1600000,0x00000000e1600000,0x00000000e2380000)
 ParOldGen       total 86528K, used 14842K [0x0000000080000000, 0x0000000085480000, 0x00000000d5580000)
  object space 86528K, 17% used [0x0000000080000000,0x0000000080e7eb60,0x0000000085480000)
 Metaspace       used 45373K, capacity 47250K, committed 47528K, reserved 1089536K
  class space    used 6146K, capacity 6501K, committed 6576K, reserved 1048576K
Event: 3.658 GC heap after
Heap after GC invocations=11 (full 2):
 PSYoungGen      total 210944K, used 13794K [0x00000000d5580000, 0x00000000e6b80000, 0x0000000100000000)
  eden space 197120K, 0% used [0x00000000d5580000,0x00000000d5580000,0x00000000e1600000)
  from space 13824K, 99% used [0x00000000e1600000,0x00000000e2378a58,0x00000000e2380000)
  to   space 17408K, 0% used [0x00000000e5a80000,0x00000000e5a80000,0x00000000e6b80000)
 ParOldGen       total 86528K, used 18879K [0x0000000080000000, 0x0000000085480000, 0x00000000d5580000)
  object space 86528K, 21% used [0x0000000080000000,0x000000008126fe30,0x0000000085480000)
 Metaspace       used 45373K, capacity 47250K, committed 47528K, reserved 1089536K
  class space    used 6146K, capacity 6501K, committed 6576K, reserved 1048576K
}
Event: 4.688 GC heap before
{Heap before GC invocations=12 (full 2):
 PSYoungGen      total 210944K, used 154701K [0x00000000d5580000, 0x00000000e6b80000, 0x0000000100000000)
  eden space 197120K, 71% used [0x00000000d5580000,0x00000000ddf1ad08,0x00000000e1600000)
  from space 13824K, 99% used [0x00000000e1600000,0x00000000e2378a58,0x00000000e2380000)
  to   space 17408K, 0% used [0x00000000e5a80000,0x00000000e5a80000,0x00000000e6b80000)
 ParOldGen       total 86528K, used 18879K [0x0000000080000000, 0x0000000085480000, 0x00000000d5580000)
  object space 86528K, 21% used [0x0000000080000000,0x000000008126fe30,0x0000000085480000)
 Metaspace       used 56741K, capacity 59142K, committed 59160K, reserved 1099776K
  class space    used 7768K, capacity 8224K, committed 8240K, reserved 1048576K
Event: 4.705 GC heap after
Heap after GC invocations=12 (full 2):
 PSYoungGen      total 262144K, used 17388K [0x00000000d5580000, 0x00000000e7480000, 0x0000000100000000)
  eden space 244736K, 0% used [0x00000000d5580000,0x00000000d5580000,0x00000000e4480000)
  from space 17408K, 99% used [0x00000000e5a80000,0x00000000e6b7b330,0x00000000e6b80000)
  to   space 22528K, 0% used [0x00000000e4480000,0x00000000e4480000,0x00000000e5a80000)
 ParOldGen       total 86528K, used 26580K [0x0000000080000000, 0x0000000085480000, 0x00000000d5580000)
  object space 86528K, 30% used [0x0000000080000000,0x00000000819f52a8,0x0000000085480000)
 Metaspace       used 56741K, capacity 59142K, committed 59160K, reserved 1099776K
  class space    used 7768K, capacity 8224K, committed 8240K, reserved 1048576K
}
Event: 4.705 GC heap before
{Heap before GC invocations=13 (full 3):
 PSYoungGen      total 262144K, used 17388K [0x00000000d5580000, 0x00000000e7480000, 0x0000000100000000)
  eden space 244736K, 0% used [0x00000000d5580000,0x00000000d5580000,0x00000000e4480000)
  from space 17408K, 99% used [0x00000000e5a80000,0x00000000e6b7b330,0x00000000e6b80000)
  to   space 22528K, 0% used [0x00000000e4480000,0x00000000e4480000,0x00000000e5a80000)
 ParOldGen       total 86528K, used 26580K [0x0000000080000000, 0x0000000085480000, 0x00000000d5580000)
  object space 86528K, 30% used [0x0000000080000000,0x00000000819f52a8,0x0000000085480000)
 Metaspace       used 56741K, capacity 59142K, committed 59160K, reserved 1099776K
  class space    used 7768K, capacity 8224K, committed 8240K, reserved 1048576K
Event: 4.857 GC heap after
Heap after GC invocations=13 (full 3):
 PSYoungGen      total 262144K, used 0K [0x00000000d5580000, 0x00000000e7480000, 0x0000000100000000)
  eden space 244736K, 0% used [0x00000000d5580000,0x00000000d5580000,0x00000000e4480000)
  from space 17408K, 0% used [0x00000000e5a80000,0x00000000e5a80000,0x00000000e6b80000)
  to   space 22528K, 0% used [0x00000000e4480000,0x00000000e4480000,0x00000000e5a80000)
 ParOldGen       total 86528K, used 36823K [0x0000000080000000, 0x0000000085480000, 0x00000000d5580000)
  object space 86528K, 42% used [0x0000000080000000,0x00000000823f5d10,0x0000000085480000)
 Metaspace       used 56694K, capacity 58980K, committed 59160K, reserved 1099776K
  class space    used 7753K, capacity 8197K, committed 8240K, reserved 1048576K
}
Event: 6.537 GC heap before
{Heap before GC invocations=14 (full 3):
 PSYoungGen      total 262144K, used 244736K [0x00000000d5580000, 0x00000000e7480000, 0x0000000100000000)
  eden space 244736K, 100% used [0x00000000d5580000,0x00000000e4480000,0x00000000e4480000)
  from space 17408K, 0% used [0x00000000e5a80000,0x00000000e5a80000,0x00000000e6b80000)
  to   space 22528K, 0% used [0x00000000e4480000,0x00000000e4480000,0x00000000e5a80000)
 ParOldGen       total 86528K, used 36823K [0x0000000080000000, 0x0000000085480000, 0x00000000d5580000)
  object space 86528K, 42% used [0x0000000080000000,0x00000000823f5d10,0x0000000085480000)
 Metaspace       used 68474K, capacity 72154K, committed 72472K, reserved 1112064K
  class space    used 9490K, capacity 10207K, committed 10288K, reserved 1048576K
Event: 6.554 GC heap after
Heap after GC invocations=14 (full 3):
 PSYoungGen      total 267264K, used 22225K [0x00000000d5580000, 0x00000000e7480000, 0x0000000100000000)
  eden space 244736K, 0% used [0x00000000d5580000,0x00000000d5580000,0x00000000e4480000)
  from space 22528K, 98% used [0x00000000e4480000,0x00000000e5a34708,0x00000000e5a80000)
  to   space 17408K, 0% used [0x00000000e5a80000,0x00000000e5a80000,0x00000000e6b80000)
 ParOldGen       total 86528K, used 36831K [0x0000000080000000, 0x0000000085480000, 0x00000000d5580000)
  object space 86528K, 42% used [0x0000000080000000,0x00000000823f7d10,0x0000000085480000)
 Metaspace       used 68474K, capacity 72154K, committed 72472K, reserved 1112064K
  class space    used 9490K, capacity 10207K, committed 10288K, reserved 1048576K
}

