# JRE version: OpenJDK Runtime Environment (8.0_242-b01) (build 1.8.0_242-release-1644-b01)
# Java VM: OpenJDK 64-Bit Server VM (25.242-b01 mixed mode windows-amd64 compressed oops)
Heap:
 PSYoungGen      total 194048K, used 190219K [0x00000000d5580000, 0x00000000e2880000, 0x0000000100000000)
  eden space 175104K, 99% used [0x00000000d5580000,0x00000000e002c990,0x00000000e0080000)
  from space 18944K, 81% used [0x00000000e0080000,0x00000000e0f962d0,0x00000000e1300000)
  to   space 17920K, 0% used [0x00000000e1300000,0x00000000e1300000,0x00000000e2480000)
 ParOldGen       total 125952K, used 32381K [0x0000000080000000, 0x0000000087b00000, 0x00000000d5580000)
  object space 125952K, 25% used [0x0000000080000000,0x0000000081f9f610,0x0000000087b00000)
 Metaspace       used 74978K, capacity 78274K, committed 78360K, reserved 1116160K
  class space    used 10103K, capacity 10725K, committed 10800K, reserved 1048576K
GC Heap History (10 events):
Event: 3.267 GC heap before
{Heap before GC invocations=12 (full 2):
 PSYoungGen      total 129536K, used 118784K [0x00000000d5580000, 0x00000000df580000, 0x0000000100000000)
  eden space 118784K, 100% used [0x00000000d5580000,0x00000000dc980000,0x00000000dc980000)
  from space 10752K, 0% used [0x00000000dc980000,0x00000000dc980000,0x00000000dd400000)
  to   space 12288K, 0% used [0x00000000de980000,0x00000000de980000,0x00000000df580000)
 ParOldGen       total 83456K, used 17676K [0x0000000080000000, 0x0000000085180000, 0x00000000d5580000)
  object space 83456K, 21% used [0x0000000080000000,0x00000000811430f8,0x0000000085180000)
 Metaspace       used 39320K, capacity 41136K, committed 41512K, reserved 1085440K
  class space    used 5432K, capacity 5826K, committed 5936K, reserved 1048576K
Event: 3.275 GC heap after
Heap after GC invocations=12 (full 2):
 PSYoungGen      total 151040K, used 9429K [0x00000000d5580000, 0x00000000e0380000, 0x0000000100000000)
  eden space 138752K, 0% used [0x00000000d5580000,0x00000000d5580000,0x00000000ddd00000)
  from space 12288K, 76% used [0x00000000de980000,0x00000000df2b55c8,0x00000000df580000)
  to   space 12800K, 0% used [0x00000000ddd00000,0x00000000ddd00000,0x00000000de980000)
 ParOldGen       total 83456K, used 17684K [0x0000000080000000, 0x0000000085180000, 0x00000000d5580000)
  object space 83456K, 21% used [0x0000000080000000,0x00000000811450f8,0x0000000085180000)
 Metaspace       used 39320K, capacity 41136K, committed 41512K, reserved 1085440K
  class space    used 5432K, capacity 5826K, committed 5936K, reserved 1048576K
}
Event: 4.224 GC heap before
{Heap before GC invocations=13 (full 2):
 PSYoungGen      total 151040K, used 148181K [0x00000000d5580000, 0x00000000e0380000, 0x0000000100000000)
  eden space 138752K, 100% used [0x00000000d5580000,0x00000000ddd00000,0x00000000ddd00000)
  from space 12288K, 76% used [0x00000000de980000,0x00000000df2b55c8,0x00000000df580000)
  to   space 12800K, 0% used [0x00000000ddd00000,0x00000000ddd00000,0x00000000de980000)
 ParOldGen       total 83456K, used 17684K [0x0000000080000000, 0x0000000085180000, 0x00000000d5580000)
  object space 83456K, 21% used [0x0000000080000000,0x00000000811450f8,0x0000000085180000)
 Metaspace       used 51997K, capacity 54086K, committed 54312K, reserved 1095680K
  class space    used 6961K, capacity 7391K, committed 7472K, reserved 1048576K
Event: 4.239 GC heap after
Heap after GC invocations=13 (full 2):
 PSYoungGen      total 151552K, used 12780K [0x00000000d5580000, 0x00000000e2480000, 0x0000000100000000)
  eden space 138752K, 0% used [0x00000000d5580000,0x00000000d5580000,0x00000000ddd00000)
  from space 12800K, 99% used [0x00000000ddd00000,0x00000000de97b330,0x00000000de980000)
  to   space 17920K, 0% used [0x00000000e1300000,0x00000000e1300000,0x00000000e2480000)
 ParOldGen       total 83456K, used 27752K [0x0000000080000000, 0x0000000085180000, 0x00000000d5580000)
  object space 83456K, 33% used [0x0000000080000000,0x0000000081b1a398,0x0000000085180000)
 Metaspace       used 51997K, capacity 54086K, committed 54312K, reserved 1095680K
  class space    used 6961K, capacity 7391K, committed 7472K, reserved 1048576K
}
Event: 4.672 GC heap before
{Heap before GC invocations=14 (full 2):
 PSYoungGen      total 151552K, used 65276K [0x00000000d5580000, 0x00000000e2480000, 0x0000000100000000)
  eden space 138752K, 37% used [0x00000000d5580000,0x00000000d88c3e70,0x00000000ddd00000)
  from space 12800K, 99% used [0x00000000ddd00000,0x00000000de97b330,0x00000000de980000)
  to   space 17920K, 0% used [0x00000000e1300000,0x00000000e1300000,0x00000000e2480000)
 ParOldGen       total 83456K, used 27752K [0x0000000080000000, 0x0000000085180000, 0x00000000d5580000)
  object space 83456K, 33% used [0x0000000080000000,0x0000000081b1a398,0x0000000085180000)
 Metaspace       used 56717K, capacity 59092K, committed 59160K, reserved 1099776K
  class space    used 7764K, capacity 8217K, committed 8240K, reserved 1048576K
Event: 4.684 GC heap after
Heap after GC invocations=14 (full 2):
 PSYoungGen      total 193024K, used 13652K [0x00000000d5580000, 0x00000000e2880000, 0x0000000100000000)
  eden space 175104K, 0% used [0x00000000d5580000,0x00000000d5580000,0x00000000e0080000)
  from space 17920K, 76% used [0x00000000e1300000,0x00000000e2055288,0x00000000e2480000)
  to   space 18944K, 0% used [0x00000000e0080000,0x00000000e0080000,0x00000000e1300000)
 ParOldGen       total 83456K, used 32778K [0x0000000080000000, 0x0000000085180000, 0x00000000d5580000)
  object space 83456K, 39% used [0x0000000080000000,0x0000000082002b18,0x0000000085180000)
 Metaspace       used 56717K, capacity 59092K, committed 59160K, reserved 1099776K
  class space    used 7764K, capacity 8217K, committed 8240K, reserved 1048576K
}
Event: 4.684 GC heap before
{Heap before GC invocations=15 (full 3):
 PSYoungGen      total 193024K, used 13652K [0x00000000d5580000, 0x00000000e2880000, 0x0000000100000000)
  eden space 175104K, 0% used [0x00000000d5580000,0x00000000d5580000,0x00000000e0080000)
  from space 17920K, 76% used [0x00000000e1300000,0x00000000e2055288,0x00000000e2480000)
  to   space 18944K, 0% used [0x00000000e0080000,0x00000000e0080000,0x00000000e1300000)
 ParOldGen       total 83456K, used 32778K [0x0000000080000000, 0x0000000085180000, 0x00000000d5580000)
  object space 83456K, 39% used [0x0000000080000000,0x0000000082002b18,0x0000000085180000)
 Metaspace       used 56717K, capacity 59092K, committed 59160K, reserved 1099776K
  class space    used 7764K, capacity 8217K, committed 8240K, reserved 1048576K
Event: 4.810 GC heap after
Heap after GC invocations=15 (full 3):
 PSYoungGen      total 193024K, used 0K [0x00000000d5580000, 0x00000000e2880000, 0x0000000100000000)
  eden space 175104K, 0% used [0x00000000d5580000,0x00000000d5580000,0x00000000e0080000)
  from space 17920K, 0% used [0x00000000e1300000,0x00000000e1300000,0x00000000e2480000)
  to   space 18944K, 0% used [0x00000000e0080000,0x00000000e0080000,0x00000000e1300000)
 ParOldGen       total 125952K, used 32373K [0x0000000080000000, 0x0000000087b00000, 0x00000000d5580000)
  object space 125952K, 25% used [0x0000000080000000,0x0000000081f9d610,0x0000000087b00000)
 Metaspace       used 56681K, capacity 58972K, committed 59160K, reserved 1099776K
  class space    used 7753K, capacity 8197K, committed 8240K, reserved 1048576K
}
Event: 6.226 GC heap before
{Heap before GC invocations=16 (full 3):
 PSYoungGen      total 193024K, used 175104K [0x00000000d5580000, 0x00000000e2880000, 0x0000000100000000)
  eden space 175104K, 100% used [0x00000000d5580000,0x00000000e0080000,0x00000000e0080000)
  from space 17920K, 0% used [0x00000000e1300000,0x00000000e1300000,0x00000000e2480000)
  to   space 18944K, 0% used [0x00000000e0080000,0x00000000e0080000,0x00000000e1300000)
 ParOldGen       total 125952K, used 32373K [0x0000000080000000, 0x0000000087b00000, 0x00000000d5580000)
  object space 125952K, 25% used [0x0000000080000000,0x0000000081f9d610,0x0000000087b00000)
 Metaspace       used 63382K, capacity 66430K, committed 66712K, reserved 1105920K
  class space    used 8751K, capacity 9344K, committed 9392K, reserved 1048576K
Event: 6.240 GC heap after
Heap after GC invocations=16 (full 3):
 PSYoungGen      total 194048K, used 15448K [0x00000000d5580000, 0x00000000e2880000, 0x0000000100000000)
  eden space 175104K, 0% used [0x00000000d5580000,0x00000000d5580000,0x00000000e0080000)
  from space 18944K, 81% used [0x00000000e0080000,0x00000000e0f962d0,0x00000000e1300000)
  to   space 17920K, 0% used [0x00000000e1300000,0x00000000e1300000,0x00000000e2480000)
 ParOldGen       total 125952K, used 32381K [0x0000000080000000, 0x0000000087b00000, 0x00000000d5580000)
  object space 125952K, 25% used [0x0000000080000000,0x0000000081f9f610,0x0000000087b00000)
 Metaspace       used 63382K, capacity 66430K, committed 66712K, reserved 1105920K
  class space    used 8751K, capacity 9344K, committed 9392K, reserved 1048576K
}

