# JRE version: OpenJDK Runtime Environment (8.0_242-b01) (build 1.8.0_242-release-1644-b01)
# Java VM: OpenJDK 64-Bit Server VM (25.242-b01 mixed mode windows-amd64 compressed oops)
Heap:
 PSYoungGen      total 297984K, used 90356K [0x00000000d5580000, 0x00000000eb900000, 0x0000000100000000)
  eden space 240640K, 37% used [0x00000000d5580000,0x00000000dadbd160,0x00000000e4080000)
  from space 57344K, 0% used [0x00000000e4080000,0x00000000e4080000,0x00000000e7880000)
  to   space 47616K, 0% used [0x00000000e7880000,0x00000000e7880000,0x00000000ea700000)
 ParOldGen       total 128000K, used 67035K [0x0000000080000000, 0x0000000087d00000, 0x00000000d5580000)
  object space 128000K, 52% used [0x0000000080000000,0x0000000084176c50,0x0000000087d00000)
 Metaspace       used 96078K, capacity 100908K, committed 101272K, reserved 1136640K
  class space    used 12796K, capacity 13652K, committed 13744K, reserved 1048576K
GC Heap History (10 events):
Event: 10.576 GC heap before
{Heap before GC invocations=19 (full 3):
 PSYoungGen      total 221184K, used 221168K [0x00000000d5580000, 0x00000000e7100000, 0x0000000100000000)
  eden space 200192K, 100% used [0x00000000d5580000,0x00000000e1900000,0x00000000e1900000)
  from space 20992K, 99% used [0x00000000e1900000,0x00000000e2d7c0b0,0x00000000e2d80000)
  to   space 27648K, 0% used [0x00000000e5600000,0x00000000e5600000,0x00000000e7100000)
 ParOldGen       total 128000K, used 43483K [0x0000000080000000, 0x0000000087d00000, 0x00000000d5580000)
  object space 128000K, 33% used [0x0000000080000000,0x0000000082a76ed8,0x0000000087d00000)
 Metaspace       used 77902K, capacity 82270K, committed 82456K, reserved 1120256K
  class space    used 10719K, capacity 11488K, committed 11568K, reserved 1048576K
Event: 10.625 GC heap after
Heap after GC invocations=19 (full 3):
 PSYoungGen      total 241664K, used 27638K [0x00000000d5580000, 0x00000000ea180000, 0x0000000100000000)
  eden space 214016K, 0% used [0x00000000d5580000,0x00000000d5580000,0x00000000e2680000)
  from space 27648K, 99% used [0x00000000e5600000,0x00000000e70fda80,0x00000000e7100000)
  to   space 48640K, 0% used [0x00000000e2680000,0x00000000e2680000,0x00000000e5600000)
 ParOldGen       total 128000K, used 88680K [0x0000000080000000, 0x0000000087d00000, 0x00000000d5580000)
  object space 128000K, 69% used [0x0000000080000000,0x000000008569a268,0x0000000087d00000)
 Metaspace       used 77902K, capacity 82270K, committed 82456K, reserved 1120256K
  class space    used 10719K, capacity 11488K, committed 11568K, reserved 1048576K
}
Event: 11.295 GC heap before
{Heap before GC invocations=20 (full 3):
 PSYoungGen      total 241664K, used 241654K [0x00000000d5580000, 0x00000000ea180000, 0x0000000100000000)
  eden space 214016K, 100% used [0x00000000d5580000,0x00000000e2680000,0x00000000e2680000)
  from space 27648K, 99% used [0x00000000e5600000,0x00000000e70fda80,0x00000000e7100000)
  to   space 48640K, 0% used [0x00000000e2680000,0x00000000e2680000,0x00000000e5600000)
 ParOldGen       total 128000K, used 88680K [0x0000000080000000, 0x0000000087d00000, 0x00000000d5580000)
  object space 128000K, 69% used [0x0000000080000000,0x000000008569a268,0x0000000087d00000)
 Metaspace       used 79340K, capacity 83834K, committed 84120K, reserved 1122304K
  class space    used 10849K, capacity 11664K, committed 11696K, reserved 1048576K
Event: 11.327 GC heap after
Heap after GC invocations=20 (full 3):
 PSYoungGen      total 262656K, used 24060K [0x00000000d5580000, 0x00000000ea700000, 0x0000000100000000)
  eden space 214016K, 0% used [0x00000000d5580000,0x00000000d5580000,0x00000000e2680000)
  from space 48640K, 49% used [0x00000000e2680000,0x00000000e3dff018,0x00000000e5600000)
  to   space 47616K, 0% used [0x00000000e7880000,0x00000000e7880000,0x00000000ea700000)
 ParOldGen       total 128000K, used 97930K [0x0000000080000000, 0x0000000087d00000, 0x00000000d5580000)
  object space 128000K, 76% used [0x0000000080000000,0x0000000085fa2bb0,0x0000000087d00000)
 Metaspace       used 79340K, capacity 83834K, committed 84120K, reserved 1122304K
  class space    used 10849K, capacity 11664K, committed 11696K, reserved 1048576K
}
Event: 13.118 GC heap before
{Heap before GC invocations=21 (full 3):
 PSYoungGen      total 262656K, used 238076K [0x00000000d5580000, 0x00000000ea700000, 0x0000000100000000)
  eden space 214016K, 100% used [0x00000000d5580000,0x00000000e2680000,0x00000000e2680000)
  from space 48640K, 49% used [0x00000000e2680000,0x00000000e3dff018,0x00000000e5600000)
  to   space 47616K, 0% used [0x00000000e7880000,0x00000000e7880000,0x00000000ea700000)
 ParOldGen       total 128000K, used 97930K [0x0000000080000000, 0x0000000087d00000, 0x00000000d5580000)
  object space 128000K, 76% used [0x0000000080000000,0x0000000085fa2bb0,0x0000000087d00000)
 Metaspace       used 91466K, capacity 96168K, committed 96408K, reserved 1132544K
  class space    used 12248K, capacity 13114K, committed 13232K, reserved 1048576K
Event: 13.158 GC heap after
Heap after GC invocations=21 (full 3):
 PSYoungGen      total 288256K, used 47605K [0x00000000d5580000, 0x00000000eb900000, 0x0000000100000000)
  eden space 240640K, 0% used [0x00000000d5580000,0x00000000d5580000,0x00000000e4080000)
  from space 47616K, 99% used [0x00000000e7880000,0x00000000ea6fd4d8,0x00000000ea700000)
  to   space 57344K, 0% used [0x00000000e4080000,0x00000000e4080000,0x00000000e7880000)
 ParOldGen       total 128000K, used 102677K [0x0000000080000000, 0x0000000087d00000, 0x00000000d5580000)
  object space 128000K, 80% used [0x0000000080000000,0x0000000086445568,0x0000000087d00000)
 Metaspace       used 91466K, capacity 96168K, committed 96408K, reserved 1132544K
  class space    used 12248K, capacity 13114K, committed 13232K, reserved 1048576K
}
Event: 13.855 GC heap before
{Heap before GC invocations=22 (full 3):
 PSYoungGen      total 288256K, used 161660K [0x00000000d5580000, 0x00000000eb900000, 0x0000000100000000)
  eden space 240640K, 47% used [0x00000000d5580000,0x00000000dc4e1ec8,0x00000000e4080000)
  from space 47616K, 99% used [0x00000000e7880000,0x00000000ea6fd4d8,0x00000000ea700000)
  to   space 57344K, 0% used [0x00000000e4080000,0x00000000e4080000,0x00000000e7880000)
 ParOldGen       total 128000K, used 102677K [0x0000000080000000, 0x0000000087d00000, 0x00000000d5580000)
  object space 128000K, 80% used [0x0000000080000000,0x0000000086445568,0x0000000087d00000)
 Metaspace       used 93558K, capacity 98548K, committed 98584K, reserved 1134592K
  class space    used 12473K, capacity 13344K, committed 13360K, reserved 1048576K
Event: 13.893 GC heap after
Heap after GC invocations=22 (full 3):
 PSYoungGen      total 297984K, used 23506K [0x00000000d5580000, 0x00000000eb900000, 0x0000000100000000)
  eden space 240640K, 0% used [0x00000000d5580000,0x00000000d5580000,0x00000000e4080000)
  from space 57344K, 40% used [0x00000000e4080000,0x00000000e5774a88,0x00000000e7880000)
  to   space 47616K, 0% used [0x00000000e7880000,0x00000000e7880000,0x00000000ea700000)
 ParOldGen       total 128000K, used 120368K [0x0000000080000000, 0x0000000087d00000, 0x00000000d5580000)
  object space 128000K, 94% used [0x0000000080000000,0x000000008758c278,0x0000000087d00000)
 Metaspace       used 93558K, capacity 98548K, committed 98584K, reserved 1134592K
  class space    used 12473K, capacity 13344K, committed 13360K, reserved 1048576K
}
Event: 13.893 GC heap before
{Heap before GC invocations=23 (full 4):
 PSYoungGen      total 297984K, used 23506K [0x00000000d5580000, 0x00000000eb900000, 0x0000000100000000)
  eden space 240640K, 0% used [0x00000000d5580000,0x00000000d5580000,0x00000000e4080000)
  from space 57344K, 40% used [0x00000000e4080000,0x00000000e5774a88,0x00000000e7880000)
  to   space 47616K, 0% used [0x00000000e7880000,0x00000000e7880000,0x00000000ea700000)
 ParOldGen       total 128000K, used 120368K [0x0000000080000000, 0x0000000087d00000, 0x00000000d5580000)
  object space 128000K, 94% used [0x0000000080000000,0x000000008758c278,0x0000000087d00000)
 Metaspace       used 93558K, capacity 98548K, committed 98584K, reserved 1134592K
  class space    used 12473K, capacity 13344K, committed 13360K, reserved 1048576K
Event: 14.051 GC heap after
Heap after GC invocations=23 (full 4):
 PSYoungGen      total 297984K, used 0K [0x00000000d5580000, 0x00000000eb900000, 0x0000000100000000)
  eden space 240640K, 0% used [0x00000000d5580000,0x00000000d5580000,0x00000000e4080000)
  from space 57344K, 0% used [0x00000000e4080000,0x00000000e4080000,0x00000000e7880000)
  to   space 47616K, 0% used [0x00000000e7880000,0x00000000e7880000,0x00000000ea700000)
 ParOldGen       total 128000K, used 67035K [0x0000000080000000, 0x0000000087d00000, 0x00000000d5580000)
  object space 128000K, 52% used [0x0000000080000000,0x0000000084176c50,0x0000000087d00000)
 Metaspace       used 93145K, capacity 97368K, committed 98584K, reserved 1134592K
  class space    used 12335K, capacity 13098K, committed 13360K, reserved 1048576K
}

