# JRE version: OpenJDK Runtime Environment (8.0_242-b01) (build 1.8.0_242-release-1644-b01)
# Java VM: OpenJDK 64-Bit Server VM (25.242-b01 mixed mode windows-amd64 compressed oops)
Heap:
 PSYoungGen      total 209408K, used 148850K [0x00000000d5580000, 0x00000000e6c80000, 0x0000000100000000)
  eden space 195584K, 69% used [0x00000000d5580000,0x00000000dd9601a0,0x00000000e1480000)
  from space 13824K, 99% used [0x00000000e1480000,0x00000000e21fc768,0x00000000e2200000)
  to   space 17408K, 0% used [0x00000000e5b80000,0x00000000e5b80000,0x00000000e6c80000)
 ParOldGen       total 86528K, used 18549K [0x0000000080000000, 0x0000000085480000, 0x00000000d5580000)
  object space 86528K, 21% used [0x0000000080000000,0x000000008121d4e0,0x0000000085480000)
 Metaspace       used 56422K, capacity 58782K, committed 58920K, reserved 1101824K
  class space    used 7733K, capacity 8190K, committed 8240K, reserved 1048576K
GC Heap History (10 events):
Event: 1.684 GC heap before
{Heap before GC invocations=7 (full 1):
 PSYoungGen      total 135680K, used 6242K [0x00000000d5580000, 0x00000000de580000, 0x0000000100000000)
  eden space 124928K, 0% used [0x00000000d5580000,0x00000000d5580000,0x00000000dcf80000)
  from space 10752K, 58% used [0x00000000ddb00000,0x00000000de118878,0x00000000de580000)
  to   space 11264K, 0% used [0x00000000dcf80000,0x00000000dcf80000,0x00000000dda80000)
 ParOldGen       total 83456K, used 8867K [0x0000000080000000, 0x0000000085180000, 0x00000000d5580000)
  object space 83456K, 10% used [0x0000000080000000,0x00000000808a8da0,0x0000000085180000)
 Metaspace       used 20573K, capacity 21236K, committed 21296K, reserved 1067008K
  class space    used 2877K, capacity 3080K, committed 3120K, reserved 1048576K
Event: 1.712 GC heap after
Heap after GC invocations=7 (full 1):
 PSYoungGen      total 135680K, used 0K [0x00000000d5580000, 0x00000000de580000, 0x0000000100000000)
  eden space 124928K, 0% used [0x00000000d5580000,0x00000000d5580000,0x00000000dcf80000)
  from space 10752K, 0% used [0x00000000ddb00000,0x00000000ddb00000,0x00000000de580000)
  to   space 11264K, 0% used [0x00000000dcf80000,0x00000000dcf80000,0x00000000dda80000)
 ParOldGen       total 56832K, used 7458K [0x0000000080000000, 0x0000000083780000, 0x00000000d5580000)
  object space 56832K, 13% used [0x0000000080000000,0x0000000080748ae8,0x0000000083780000)
 Metaspace       used 20573K, capacity 21236K, committed 21296K, reserved 1067008K
  class space    used 2877K, capacity 3080K, committed 3120K, reserved 1048576K
}
Event: 2.435 GC heap before
{Heap before GC invocations=8 (full 1):
 PSYoungGen      total 135680K, used 124928K [0x00000000d5580000, 0x00000000de580000, 0x0000000100000000)
  eden space 124928K, 100% used [0x00000000d5580000,0x00000000dcf80000,0x00000000dcf80000)
  from space 10752K, 0% used [0x00000000ddb00000,0x00000000ddb00000,0x00000000de580000)
  to   space 11264K, 0% used [0x00000000dcf80000,0x00000000dcf80000,0x00000000dda80000)
 ParOldGen       total 56832K, used 7458K [0x0000000080000000, 0x0000000083780000, 0x00000000d5580000)
  object space 56832K, 13% used [0x0000000080000000,0x0000000080748ae8,0x0000000083780000)
 Metaspace       used 32589K, capacity 33648K, committed 33712K, reserved 1079296K
  class space    used 4454K, capacity 4722K, committed 4784K, reserved 1048576K
Event: 2.444 GC heap after
Heap after GC invocations=8 (full 1):
 PSYoungGen      total 136192K, used 11247K [0x00000000d5580000, 0x00000000e3000000, 0x0000000100000000)
  eden space 124928K, 0% used [0x00000000d5580000,0x00000000d5580000,0x00000000dcf80000)
  from space 11264K, 99% used [0x00000000dcf80000,0x00000000dda7bcc8,0x00000000dda80000)
  to   space 14336K, 0% used [0x00000000e2200000,0x00000000e2200000,0x00000000e3000000)
 ParOldGen       total 56832K, used 9881K [0x0000000080000000, 0x0000000083780000, 0x00000000d5580000)
  object space 56832K, 17% used [0x0000000080000000,0x00000000809a6640,0x0000000083780000)
 Metaspace       used 32589K, capacity 33648K, committed 33712K, reserved 1079296K
  class space    used 4454K, capacity 4722K, committed 4784K, reserved 1048576K
}
Event: 2.614 GC heap before
{Heap before GC invocations=9 (full 1):
 PSYoungGen      total 136192K, used 49330K [0x00000000d5580000, 0x00000000e3000000, 0x0000000100000000)
  eden space 124928K, 30% used [0x00000000d5580000,0x00000000d7ab0ba0,0x00000000dcf80000)
  from space 11264K, 99% used [0x00000000dcf80000,0x00000000dda7bcc8,0x00000000dda80000)
  to   space 14336K, 0% used [0x00000000e2200000,0x00000000e2200000,0x00000000e3000000)
 ParOldGen       total 56832K, used 9881K [0x0000000080000000, 0x0000000083780000, 0x00000000d5580000)
  object space 56832K, 17% used [0x0000000080000000,0x00000000809a6640,0x0000000083780000)
 Metaspace       used 34341K, capacity 35432K, committed 35496K, reserved 1079296K
  class space    used 4738K, capacity 5007K, committed 5040K, reserved 1048576K
Event: 2.620 GC heap after
Heap after GC invocations=9 (full 1):
 PSYoungGen      total 209920K, used 8498K [0x00000000d5580000, 0x00000000e3380000, 0x0000000100000000)
  eden space 195584K, 0% used [0x00000000d5580000,0x00000000d5580000,0x00000000e1480000)
  from space 14336K, 59% used [0x00000000e2200000,0x00000000e2a4c9e0,0x00000000e3000000)
  to   space 13824K, 0% used [0x00000000e1480000,0x00000000e1480000,0x00000000e2200000)
 ParOldGen       total 56832K, used 9889K [0x0000000080000000, 0x0000000083780000, 0x00000000d5580000)
  object space 56832K, 17% used [0x0000000080000000,0x00000000809a8640,0x0000000083780000)
 Metaspace       used 34341K, capacity 35432K, committed 35496K, reserved 1079296K
  class space    used 4738K, capacity 5007K, committed 5040K, reserved 1048576K
}
Event: 2.621 GC heap before
{Heap before GC invocations=10 (full 2):
 PSYoungGen      total 209920K, used 8498K [0x00000000d5580000, 0x00000000e3380000, 0x0000000100000000)
  eden space 195584K, 0% used [0x00000000d5580000,0x00000000d5580000,0x00000000e1480000)
  from space 14336K, 59% used [0x00000000e2200000,0x00000000e2a4c9e0,0x00000000e3000000)
  to   space 13824K, 0% used [0x00000000e1480000,0x00000000e1480000,0x00000000e2200000)
 ParOldGen       total 56832K, used 9889K [0x0000000080000000, 0x0000000083780000, 0x00000000d5580000)
  object space 56832K, 17% used [0x0000000080000000,0x00000000809a8640,0x0000000083780000)
 Metaspace       used 34341K, capacity 35432K, committed 35496K, reserved 1079296K
  class space    used 4738K, capacity 5007K, committed 5040K, reserved 1048576K
Event: 2.650 GC heap after
Heap after GC invocations=10 (full 2):
 PSYoungGen      total 209920K, used 0K [0x00000000d5580000, 0x00000000e3380000, 0x0000000100000000)
  eden space 195584K, 0% used [0x00000000d5580000,0x00000000d5580000,0x00000000e1480000)
  from space 14336K, 0% used [0x00000000e2200000,0x00000000e2200000,0x00000000e3000000)
  to   space 13824K, 0% used [0x00000000e1480000,0x00000000e1480000,0x00000000e2200000)
 ParOldGen       total 86528K, used 14847K [0x0000000080000000, 0x0000000085480000, 0x00000000d5580000)
  object space 86528K, 17% used [0x0000000080000000,0x0000000080e7fe38,0x0000000085480000)
 Metaspace       used 34341K, capacity 35432K, committed 35496K, reserved 1079296K
  class space    used 4738K, capacity 5007K, committed 5040K, reserved 1048576K
}
Event: 3.562 GC heap before
{Heap before GC invocations=11 (full 2):
 PSYoungGen      total 209920K, used 195584K [0x00000000d5580000, 0x00000000e3380000, 0x0000000100000000)
  eden space 195584K, 100% used [0x00000000d5580000,0x00000000e1480000,0x00000000e1480000)
  from space 14336K, 0% used [0x00000000e2200000,0x00000000e2200000,0x00000000e3000000)
  to   space 13824K, 0% used [0x00000000e1480000,0x00000000e1480000,0x00000000e2200000)
 ParOldGen       total 86528K, used 14847K [0x0000000080000000, 0x0000000085480000, 0x00000000d5580000)
  object space 86528K, 17% used [0x0000000080000000,0x0000000080e7fe38,0x0000000085480000)
 Metaspace       used 45368K, capacity 47248K, committed 47528K, reserved 1089536K
  class space    used 6155K, capacity 6500K, committed 6576K, reserved 1048576K
Event: 3.573 GC heap after
Heap after GC invocations=11 (full 2):
 PSYoungGen      total 209408K, used 13809K [0x00000000d5580000, 0x00000000e6c80000, 0x0000000100000000)
  eden space 195584K, 0% used [0x00000000d5580000,0x00000000d5580000,0x00000000e1480000)
  from space 13824K, 99% used [0x00000000e1480000,0x00000000e21fc768,0x00000000e2200000)
  to   space 17408K, 0% used [0x00000000e5b80000,0x00000000e5b80000,0x00000000e6c80000)
 ParOldGen       total 86528K, used 18549K [0x0000000080000000, 0x0000000085480000, 0x00000000d5580000)
  object space 86528K, 21% used [0x0000000080000000,0x000000008121d4e0,0x0000000085480000)
 Metaspace       used 45368K, capacity 47248K, committed 47528K, reserved 1089536K
  class space    used 6155K, capacity 6500K, committed 6576K, reserved 1048576K
}

