# JRE version: OpenJDK Runtime Environment (8.0_242-b01) (build 1.8.0_242-release-1644-b01)
# Java VM: OpenJDK 64-Bit Server VM (25.242-b01 mixed mode windows-amd64 compressed oops)
Heap:
 PSYoungGen      total 259072K, used 186172K [0x00000000d5580000, 0x00000000e9e80000, 0x0000000100000000)
  eden space 243712K, 76% used [0x00000000d5580000,0x00000000e0b4f2a8,0x00000000e4380000)
  from space 15360K, 0% used [0x00000000e4380000,0x00000000e4380000,0x00000000e5280000)
  to   space 14336K, 0% used [0x00000000e9080000,0x00000000e9080000,0x00000000e9e80000)
 ParOldGen       total 91136K, used 14744K [0x0000000080000000, 0x0000000085900000, 0x00000000d5580000)
  object space 91136K, 16% used [0x0000000080000000,0x0000000080e66390,0x0000000085900000)
 Metaspace       used 42416K, capacity 44246K, committed 44456K, reserved 1087488K
  class space    used 5808K, capacity 6195K, committed 6320K, reserved 1048576K
GC Heap History (10 events):
Event: 1.683 GC heap before
{Heap before GC invocations=5 (full 0):
 PSYoungGen      total 130048K, used 22987K [0x00000000d5580000, 0x00000000dd980000, 0x0000000100000000)
  eden space 124928K, 14% used [0x00000000d5580000,0x00000000d66faf58,0x00000000dcf80000)
  from space 5120K, 99% used [0x00000000dd480000,0x00000000dd978030,0x00000000dd980000)
  to   space 5120K, 0% used [0x00000000dcf80000,0x00000000dcf80000,0x00000000dd480000)
 ParOldGen       total 83456K, used 9731K [0x0000000080000000, 0x0000000085180000, 0x00000000d5580000)
  object space 83456K, 11% used [0x0000000080000000,0x0000000080980c80,0x0000000085180000)
 Metaspace       used 20572K, capacity 21236K, committed 21296K, reserved 1067008K
  class space    used 2878K, capacity 3080K, committed 3120K, reserved 1048576K
Event: 1.688 GC heap after
Heap after GC invocations=5 (full 0):
 PSYoungGen      total 130048K, used 5108K [0x00000000d5580000, 0x00000000e6180000, 0x0000000100000000)
  eden space 124928K, 0% used [0x00000000d5580000,0x00000000d5580000,0x00000000dcf80000)
  from space 5120K, 99% used [0x00000000dcf80000,0x00000000dd47d040,0x00000000dd480000)
  to   space 12288K, 0% used [0x00000000e5580000,0x00000000e5580000,0x00000000e6180000)
 ParOldGen       total 83456K, used 11132K [0x0000000080000000, 0x0000000085180000, 0x00000000d5580000)
  object space 83456K, 13% used [0x0000000080000000,0x0000000080adf010,0x0000000085180000)
 Metaspace       used 20572K, capacity 21236K, committed 21296K, reserved 1067008K
  class space    used 2878K, capacity 3080K, committed 3120K, reserved 1048576K
}
Event: 1.688 GC heap before
{Heap before GC invocations=6 (full 1):
 PSYoungGen      total 130048K, used 5108K [0x00000000d5580000, 0x00000000e6180000, 0x0000000100000000)
  eden space 124928K, 0% used [0x00000000d5580000,0x00000000d5580000,0x00000000dcf80000)
  from space 5120K, 99% used [0x00000000dcf80000,0x00000000dd47d040,0x00000000dd480000)
  to   space 12288K, 0% used [0x00000000e5580000,0x00000000e5580000,0x00000000e6180000)
 ParOldGen       total 83456K, used 11132K [0x0000000080000000, 0x0000000085180000, 0x00000000d5580000)
  object space 83456K, 13% used [0x0000000080000000,0x0000000080adf010,0x0000000085180000)
 Metaspace       used 20572K, capacity 21236K, committed 21296K, reserved 1067008K
  class space    used 2878K, capacity 3080K, committed 3120K, reserved 1048576K
Event: 1.717 GC heap after
Heap after GC invocations=6 (full 1):
 PSYoungGen      total 130048K, used 0K [0x00000000d5580000, 0x00000000e6180000, 0x0000000100000000)
  eden space 124928K, 0% used [0x00000000d5580000,0x00000000d5580000,0x00000000dcf80000)
  from space 5120K, 0% used [0x00000000dcf80000,0x00000000dcf80000,0x00000000dd480000)
  to   space 12288K, 0% used [0x00000000e5580000,0x00000000e5580000,0x00000000e6180000)
 ParOldGen       total 62976K, used 11684K [0x0000000080000000, 0x0000000083d80000, 0x00000000d5580000)
  object space 62976K, 18% used [0x0000000080000000,0x0000000080b69168,0x0000000083d80000)
 Metaspace       used 20572K, capacity 21236K, committed 21296K, reserved 1067008K
  class space    used 2878K, capacity 3080K, committed 3120K, reserved 1048576K
}
Event: 2.438 GC heap before
{Heap before GC invocations=7 (full 1):
 PSYoungGen      total 130048K, used 124928K [0x00000000d5580000, 0x00000000e6180000, 0x0000000100000000)
  eden space 124928K, 100% used [0x00000000d5580000,0x00000000dcf80000,0x00000000dcf80000)
  from space 5120K, 0% used [0x00000000dcf80000,0x00000000dcf80000,0x00000000dd480000)
  to   space 12288K, 0% used [0x00000000e5580000,0x00000000e5580000,0x00000000e6180000)
 ParOldGen       total 62976K, used 11684K [0x0000000080000000, 0x0000000083d80000, 0x00000000d5580000)
  object space 62976K, 18% used [0x0000000080000000,0x0000000080b69168,0x0000000083d80000)
 Metaspace       used 32584K, capacity 33616K, committed 33712K, reserved 1079296K
  class space    used 4446K, capacity 4690K, committed 4784K, reserved 1048576K
Event: 2.448 GC heap after
Heap after GC invocations=7 (full 1):
 PSYoungGen      total 206336K, used 12283K [0x00000000d5580000, 0x00000000e6180000, 0x0000000100000000)
  eden space 194048K, 0% used [0x00000000d5580000,0x00000000d5580000,0x00000000e1300000)
  from space 12288K, 99% used [0x00000000e5580000,0x00000000e617ecc8,0x00000000e6180000)
  to   space 15360K, 0% used [0x00000000e4380000,0x00000000e4380000,0x00000000e5280000)
 ParOldGen       total 62976K, used 13129K [0x0000000080000000, 0x0000000083d80000, 0x00000000d5580000)
  object space 62976K, 20% used [0x0000000080000000,0x0000000080cd2550,0x0000000083d80000)
 Metaspace       used 32584K, capacity 33616K, committed 33712K, reserved 1079296K
  class space    used 4446K, capacity 4690K, committed 4784K, reserved 1048576K
}
Event: 2.619 GC heap before
{Heap before GC invocations=8 (full 1):
 PSYoungGen      total 206336K, used 50299K [0x00000000d5580000, 0x00000000e6180000, 0x0000000100000000)
  eden space 194048K, 19% used [0x00000000d5580000,0x00000000d7a9ffd8,0x00000000e1300000)
  from space 12288K, 99% used [0x00000000e5580000,0x00000000e617ecc8,0x00000000e6180000)
  to   space 15360K, 0% used [0x00000000e4380000,0x00000000e4380000,0x00000000e5280000)
 ParOldGen       total 62976K, used 13129K [0x0000000080000000, 0x0000000083d80000, 0x00000000d5580000)
  object space 62976K, 20% used [0x0000000080000000,0x0000000080cd2550,0x0000000083d80000)
 Metaspace       used 34339K, capacity 35432K, committed 35496K, reserved 1079296K
  class space    used 4729K, capacity 5007K, committed 5040K, reserved 1048576K
Event: 2.626 GC heap after
Heap after GC invocations=8 (full 1):
 PSYoungGen      total 259072K, used 8464K [0x00000000d5580000, 0x00000000e9e80000, 0x0000000100000000)
  eden space 243712K, 0% used [0x00000000d5580000,0x00000000d5580000,0x00000000e4380000)
  from space 15360K, 55% used [0x00000000e4380000,0x00000000e4bc42b0,0x00000000e5280000)
  to   space 14336K, 0% used [0x00000000e9080000,0x00000000e9080000,0x00000000e9e80000)
 ParOldGen       total 62976K, used 13137K [0x0000000080000000, 0x0000000083d80000, 0x00000000d5580000)
  object space 62976K, 20% used [0x0000000080000000,0x0000000080cd4550,0x0000000083d80000)
 Metaspace       used 34339K, capacity 35432K, committed 35496K, reserved 1079296K
  class space    used 4729K, capacity 5007K, committed 5040K, reserved 1048576K
}
Event: 2.626 GC heap before
{Heap before GC invocations=9 (full 2):
 PSYoungGen      total 259072K, used 8464K [0x00000000d5580000, 0x00000000e9e80000, 0x0000000100000000)
  eden space 243712K, 0% used [0x00000000d5580000,0x00000000d5580000,0x00000000e4380000)
  from space 15360K, 55% used [0x00000000e4380000,0x00000000e4bc42b0,0x00000000e5280000)
  to   space 14336K, 0% used [0x00000000e9080000,0x00000000e9080000,0x00000000e9e80000)
 ParOldGen       total 62976K, used 13137K [0x0000000080000000, 0x0000000083d80000, 0x00000000d5580000)
  object space 62976K, 20% used [0x0000000080000000,0x0000000080cd4550,0x0000000083d80000)
 Metaspace       used 34339K, capacity 35432K, committed 35496K, reserved 1079296K
  class space    used 4729K, capacity 5007K, committed 5040K, reserved 1048576K
Event: 2.669 GC heap after
Heap after GC invocations=9 (full 2):
 PSYoungGen      total 259072K, used 0K [0x00000000d5580000, 0x00000000e9e80000, 0x0000000100000000)
  eden space 243712K, 0% used [0x00000000d5580000,0x00000000d5580000,0x00000000e4380000)
  from space 15360K, 0% used [0x00000000e4380000,0x00000000e4380000,0x00000000e5280000)
  to   space 14336K, 0% used [0x00000000e9080000,0x00000000e9080000,0x00000000e9e80000)
 ParOldGen       total 91136K, used 14744K [0x0000000080000000, 0x0000000085900000, 0x00000000d5580000)
  object space 91136K, 16% used [0x0000000080000000,0x0000000080e66390,0x0000000085900000)
 Metaspace       used 34339K, capacity 35432K, committed 35496K, reserved 1079296K
  class space    used 4729K, capacity 5007K, committed 5040K, reserved 1048576K
}

