# JRE version: OpenJDK Runtime Environment (8.0_242-b01) (build 1.8.0_242-release-1644-b01)
# Java VM: OpenJDK 64-Bit Server VM (25.242-b01 mixed mode windows-amd64 compressed oops)
Heap:
 PSYoungGen      total 280576K, used 207763K [0x00000000d5580000, 0x00000000eba80000, 0x0000000100000000)
  eden space 258048K, 71% used [0x00000000d5580000,0x00000000e0a6a750,0x00000000e5180000)
  from space 22528K, 99% used [0x00000000e5180000,0x00000000e677a820,0x00000000e6780000)
  to   space 26624K, 0% used [0x00000000ea080000,0x00000000ea080000,0x00000000eba80000)
 ParOldGen       total 131072K, used 40152K [0x0000000080000000, 0x0000000088000000, 0x00000000d5580000)
  object space 131072K, 30% used [0x0000000080000000,0x0000000082736238,0x0000000088000000)
 Metaspace       used 75840K, capacity 80302K, committed 80600K, reserved 1118208K
  class space    used 10338K, capacity 11164K, committed 11264K, reserved 1048576K
GC Heap History (10 events):
Event: 3.026 GC heap before
{Heap before GC invocations=10 (full 2):
 PSYoungGen      total 216576K, used 8587K [0x00000000d5580000, 0x00000000e3c00000, 0x0000000100000000)
  eden space 202752K, 0% used [0x00000000d5580000,0x00000000d5580000,0x00000000e1b80000)
  from space 13824K, 62% used [0x00000000e2900000,0x00000000e3162ec0,0x00000000e3680000)
  to   space 13824K, 0% used [0x00000000e1b80000,0x00000000e1b80000,0x00000000e2900000)
 ParOldGen       total 54784K, used 8967K [0x0000000080000000, 0x0000000083580000, 0x00000000d5580000)
  object space 54784K, 16% used [0x0000000080000000,0x00000000808c1f88,0x0000000083580000)
 Metaspace       used 34164K, capacity 35296K, committed 35416K, reserved 1079296K
  class space    used 4625K, capacity 4923K, committed 4992K, reserved 1048576K
Event: 3.072 GC heap after
Heap after GC invocations=10 (full 2):
 PSYoungGen      total 216576K, used 0K [0x00000000d5580000, 0x00000000e3c00000, 0x0000000100000000)
  eden space 202752K, 0% used [0x00000000d5580000,0x00000000d5580000,0x00000000e1b80000)
  from space 13824K, 0% used [0x00000000e2900000,0x00000000e2900000,0x00000000e3680000)
  to   space 13824K, 0% used [0x00000000e1b80000,0x00000000e1b80000,0x00000000e2900000)
 ParOldGen       total 80896K, used 15016K [0x0000000080000000, 0x0000000084f00000, 0x00000000d5580000)
  object space 80896K, 18% used [0x0000000080000000,0x0000000080eaa0b8,0x0000000084f00000)
 Metaspace       used 34164K, capacity 35296K, committed 35416K, reserved 1079296K
  class space    used 4625K, capacity 4923K, committed 4992K, reserved 1048576K
}
Event: 4.394 GC heap before
{Heap before GC invocations=11 (full 2):
 PSYoungGen      total 216576K, used 202752K [0x00000000d5580000, 0x00000000e3c00000, 0x0000000100000000)
  eden space 202752K, 100% used [0x00000000d5580000,0x00000000e1b80000,0x00000000e1b80000)
  from space 13824K, 0% used [0x00000000e2900000,0x00000000e2900000,0x00000000e3680000)
  to   space 13824K, 0% used [0x00000000e1b80000,0x00000000e1b80000,0x00000000e2900000)
 ParOldGen       total 80896K, used 15016K [0x0000000080000000, 0x0000000084f00000, 0x00000000d5580000)
  object space 80896K, 18% used [0x0000000080000000,0x0000000080eaa0b8,0x0000000084f00000)
 Metaspace       used 43355K, capacity 45510K, committed 45784K, reserved 1089536K
  class space    used 5855K, capacity 6289K, committed 6400K, reserved 1048576K
Event: 4.405 GC heap after
Heap after GC invocations=11 (full 2):
 PSYoungGen      total 216576K, used 13822K [0x00000000d5580000, 0x00000000e7800000, 0x0000000100000000)
  eden space 202752K, 0% used [0x00000000d5580000,0x00000000d5580000,0x00000000e1b80000)
  from space 13824K, 99% used [0x00000000e1b80000,0x00000000e28ffb78,0x00000000e2900000)
  to   space 16896K, 0% used [0x00000000e6780000,0x00000000e6780000,0x00000000e7800000)
 ParOldGen       total 80896K, used 17768K [0x0000000080000000, 0x0000000084f00000, 0x00000000d5580000)
  object space 80896K, 21% used [0x0000000080000000,0x000000008115a378,0x0000000084f00000)
 Metaspace       used 43355K, capacity 45510K, committed 45784K, reserved 1089536K
  class space    used 5855K, capacity 6289K, committed 6400K, reserved 1048576K
}
Event: 5.468 GC heap before
{Heap before GC invocations=12 (full 2):
 PSYoungGen      total 216576K, used 161332K [0x00000000d5580000, 0x00000000e7800000, 0x0000000100000000)
  eden space 202752K, 72% used [0x00000000d5580000,0x00000000de58d4e8,0x00000000e1b80000)
  from space 13824K, 99% used [0x00000000e1b80000,0x00000000e28ffb78,0x00000000e2900000)
  to   space 16896K, 0% used [0x00000000e6780000,0x00000000e6780000,0x00000000e7800000)
 ParOldGen       total 80896K, used 17768K [0x0000000080000000, 0x0000000084f00000, 0x00000000d5580000)
  object space 80896K, 21% used [0x0000000080000000,0x000000008115a378,0x0000000084f00000)
 Metaspace       used 56512K, capacity 58902K, committed 59028K, reserved 1099776K
  class space    used 7457K, capacity 7933K, committed 7936K, reserved 1048576K
Event: 5.483 GC heap after
Heap after GC invocations=12 (full 2):
 PSYoungGen      total 274944K, used 16884K [0x00000000d5580000, 0x00000000e7f80000, 0x0000000100000000)
  eden space 258048K, 0% used [0x00000000d5580000,0x00000000d5580000,0x00000000e5180000)
  from space 16896K, 99% used [0x00000000e6780000,0x00000000e77fd320,0x00000000e7800000)
  to   space 22528K, 0% used [0x00000000e5180000,0x00000000e5180000,0x00000000e6780000)
 ParOldGen       total 80896K, used 27740K [0x0000000080000000, 0x0000000084f00000, 0x00000000d5580000)
  object space 80896K, 34% used [0x0000000080000000,0x0000000081b17020,0x0000000084f00000)
 Metaspace       used 56512K, capacity 58902K, committed 59028K, reserved 1099776K
  class space    used 7457K, capacity 7933K, committed 7936K, reserved 1048576K
}
Event: 5.483 GC heap before
{Heap before GC invocations=13 (full 3):
 PSYoungGen      total 274944K, used 16884K [0x00000000d5580000, 0x00000000e7f80000, 0x0000000100000000)
  eden space 258048K, 0% used [0x00000000d5580000,0x00000000d5580000,0x00000000e5180000)
  from space 16896K, 99% used [0x00000000e6780000,0x00000000e77fd320,0x00000000e7800000)
  to   space 22528K, 0% used [0x00000000e5180000,0x00000000e5180000,0x00000000e6780000)
 ParOldGen       total 80896K, used 27740K [0x0000000080000000, 0x0000000084f00000, 0x00000000d5580000)
  object space 80896K, 34% used [0x0000000080000000,0x0000000081b17020,0x0000000084f00000)
 Metaspace       used 56512K, capacity 58902K, committed 59028K, reserved 1099776K
  class space    used 7457K, capacity 7933K, committed 7936K, reserved 1048576K
Event: 5.636 GC heap after
Heap after GC invocations=13 (full 3):
 PSYoungGen      total 274944K, used 0K [0x00000000d5580000, 0x00000000e7f80000, 0x0000000100000000)
  eden space 258048K, 0% used [0x00000000d5580000,0x00000000d5580000,0x00000000e5180000)
  from space 16896K, 0% used [0x00000000e6780000,0x00000000e6780000,0x00000000e7800000)
  to   space 22528K, 0% used [0x00000000e5180000,0x00000000e5180000,0x00000000e6780000)
 ParOldGen       total 131072K, used 38933K [0x0000000080000000, 0x0000000088000000, 0x00000000d5580000)
  object space 131072K, 29% used [0x0000000080000000,0x0000000082605440,0x0000000088000000)
 Metaspace       used 56417K, capacity 58630K, committed 59028K, reserved 1099776K
  class space    used 7430K, capacity 7893K, committed 7936K, reserved 1048576K
}
Event: 7.935 GC heap before
{Heap before GC invocations=14 (full 3):
 PSYoungGen      total 274944K, used 258048K [0x00000000d5580000, 0x00000000e7f80000, 0x0000000100000000)
  eden space 258048K, 100% used [0x00000000d5580000,0x00000000e5180000,0x00000000e5180000)
  from space 16896K, 0% used [0x00000000e6780000,0x00000000e6780000,0x00000000e7800000)
  to   space 22528K, 0% used [0x00000000e5180000,0x00000000e5180000,0x00000000e6780000)
 ParOldGen       total 131072K, used 38933K [0x0000000080000000, 0x0000000088000000, 0x00000000d5580000)
  object space 131072K, 29% used [0x0000000080000000,0x0000000082605440,0x0000000088000000)
 Metaspace       used 72954K, capacity 76406K, committed 76504K, reserved 1116160K
  class space    used 9990K, capacity 10692K, committed 10752K, reserved 1048576K
Event: 7.960 GC heap after
Heap after GC invocations=14 (full 3):
 PSYoungGen      total 280576K, used 22506K [0x00000000d5580000, 0x00000000eba80000, 0x0000000100000000)
  eden space 258048K, 0% used [0x00000000d5580000,0x00000000d5580000,0x00000000e5180000)
  from space 22528K, 99% used [0x00000000e5180000,0x00000000e677a820,0x00000000e6780000)
  to   space 26624K, 0% used [0x00000000ea080000,0x00000000ea080000,0x00000000eba80000)
 ParOldGen       total 131072K, used 40152K [0x0000000080000000, 0x0000000088000000, 0x00000000d5580000)
  object space 131072K, 30% used [0x0000000080000000,0x0000000082736238,0x0000000088000000)
 Metaspace       used 72954K, capacity 76406K, committed 76504K, reserved 1116160K
  class space    used 9990K, capacity 10692K, committed 10752K, reserved 1048576K
}

