# JRE version: OpenJDK Runtime Environment (8.0_242-b01) (build 1.8.0_242-release-1644-b01)
# Java VM: OpenJDK 64-Bit Server VM (25.242-b01 mixed mode windows-amd64 compressed oops)
Heap:
 PSYoungGen      total 423936K, used 332152K [0x00000000d5580000, 0x00000000f4500000, 0x0000000100000000)
  eden space 395264K, 79% used [0x00000000d5580000,0x00000000e871e500,0x00000000ed780000)
  from space 28672K, 66% used [0x00000000ed780000,0x00000000eea3fe80,0x00000000ef380000)
  to   space 29696K, 0% used [0x00000000f2800000,0x00000000f2800000,0x00000000f4500000)
 ParOldGen       total 137728K, used 55462K [0x0000000080000000, 0x0000000088680000, 0x00000000d5580000)
  object space 137728K, 40% used [0x0000000080000000,0x0000000083629b90,0x0000000088680000)
 Metaspace       used 86486K, capacity 91028K, committed 91352K, reserved 1128448K
  class space    used 11600K, capacity 12495K, committed 12544K, reserved 1048576K
GC Heap History (10 events):
Event: 4.408 GC heap before
{Heap before GC invocations=10 (full 2):
 PSYoungGen      total 259584K, used 244736K [0x00000000d5580000, 0x00000000ebc80000, 0x0000000100000000)
  eden space 244736K, 100% used [0x00000000d5580000,0x00000000e4480000,0x00000000e4480000)
  from space 14848K, 0% used [0x00000000e4480000,0x00000000e4480000,0x00000000e5300000)
  to   space 14848K, 0% used [0x00000000eae00000,0x00000000eae00000,0x00000000ebc80000)
 ParOldGen       total 88576K, used 15652K [0x0000000080000000, 0x0000000085680000, 0x00000000d5580000)
  object space 88576K, 17% used [0x0000000080000000,0x0000000080f49130,0x0000000085680000)
 Metaspace       used 48807K, capacity 51094K, committed 51416K, reserved 1093632K
  class space    used 6616K, capacity 7071K, committed 7168K, reserved 1048576K
Event: 4.423 GC heap after
Heap after GC invocations=10 (full 2):
 PSYoungGen      total 347648K, used 14843K [0x00000000d5580000, 0x00000000ec200000, 0x0000000100000000)
  eden space 332800K, 0% used [0x00000000d5580000,0x00000000d5580000,0x00000000e9a80000)
  from space 14848K, 99% used [0x00000000eae00000,0x00000000ebc7ed38,0x00000000ebc80000)
  to   space 19968K, 0% used [0x00000000e9a80000,0x00000000e9a80000,0x00000000eae00000)
 ParOldGen       total 88576K, used 23352K [0x0000000080000000, 0x0000000085680000, 0x00000000d5580000)
  object space 88576K, 26% used [0x0000000080000000,0x00000000816ce050,0x0000000085680000)
 Metaspace       used 48807K, capacity 51094K, committed 51416K, reserved 1093632K
  class space    used 6616K, capacity 7071K, committed 7168K, reserved 1048576K
}
Event: 5.013 GC heap before
{Heap before GC invocations=11 (full 2):
 PSYoungGen      total 347648K, used 111040K [0x00000000d5580000, 0x00000000ec200000, 0x0000000100000000)
  eden space 332800K, 28% used [0x00000000d5580000,0x00000000db3714c8,0x00000000e9a80000)
  from space 14848K, 99% used [0x00000000eae00000,0x00000000ebc7ed38,0x00000000ebc80000)
  to   space 19968K, 0% used [0x00000000e9a80000,0x00000000e9a80000,0x00000000eae00000)
 ParOldGen       total 88576K, used 23352K [0x0000000080000000, 0x0000000085680000, 0x00000000d5580000)
  object space 88576K, 26% used [0x0000000080000000,0x00000000816ce050,0x0000000085680000)
 Metaspace       used 56297K, capacity 58852K, committed 58968K, reserved 1099776K
  class space    used 7684K, capacity 8253K, committed 8320K, reserved 1048576K
Event: 5.026 GC heap after
Heap after GC invocations=11 (full 2):
 PSYoungGen      total 352768K, used 19958K [0x00000000d5580000, 0x00000000f0f80000, 0x0000000100000000)
  eden space 332800K, 0% used [0x00000000d5580000,0x00000000d5580000,0x00000000e9a80000)
  from space 19968K, 99% used [0x00000000e9a80000,0x00000000eadfd8c8,0x00000000eae00000)
  to   space 24064K, 0% used [0x00000000ef800000,0x00000000ef800000,0x00000000f0f80000)
 ParOldGen       total 88576K, used 25695K [0x0000000080000000, 0x0000000085680000, 0x00000000d5580000)
  object space 88576K, 29% used [0x0000000080000000,0x0000000081917e20,0x0000000085680000)
 Metaspace       used 56297K, capacity 58852K, committed 58968K, reserved 1099776K
  class space    used 7684K, capacity 8253K, committed 8320K, reserved 1048576K
}
Event: 5.026 GC heap before
{Heap before GC invocations=12 (full 3):
 PSYoungGen      total 352768K, used 19958K [0x00000000d5580000, 0x00000000f0f80000, 0x0000000100000000)
  eden space 332800K, 0% used [0x00000000d5580000,0x00000000d5580000,0x00000000e9a80000)
  from space 19968K, 99% used [0x00000000e9a80000,0x00000000eadfd8c8,0x00000000eae00000)
  to   space 24064K, 0% used [0x00000000ef800000,0x00000000ef800000,0x00000000f0f80000)
 ParOldGen       total 88576K, used 25695K [0x0000000080000000, 0x0000000085680000, 0x00000000d5580000)
  object space 88576K, 29% used [0x0000000080000000,0x0000000081917e20,0x0000000085680000)
 Metaspace       used 56297K, capacity 58852K, committed 58968K, reserved 1099776K
  class space    used 7684K, capacity 8253K, committed 8320K, reserved 1048576K
Event: 5.176 GC heap after
Heap after GC invocations=12 (full 3):
 PSYoungGen      total 352768K, used 0K [0x00000000d5580000, 0x00000000f0f80000, 0x0000000100000000)
  eden space 332800K, 0% used [0x00000000d5580000,0x00000000d5580000,0x00000000e9a80000)
  from space 19968K, 0% used [0x00000000e9a80000,0x00000000e9a80000,0x00000000eae00000)
  to   space 24064K, 0% used [0x00000000ef800000,0x00000000ef800000,0x00000000f0f80000)
 ParOldGen       total 137728K, used 35664K [0x0000000080000000, 0x0000000088680000, 0x00000000d5580000)
  object space 137728K, 25% used [0x0000000080000000,0x00000000822d41e0,0x0000000088680000)
 Metaspace       used 56247K, capacity 58684K, committed 58968K, reserved 1099776K
  class space    used 7669K, capacity 8225K, committed 8320K, reserved 1048576K
}
Event: 7.544 GC heap before
{Heap before GC invocations=13 (full 3):
 PSYoungGen      total 352768K, used 332800K [0x00000000d5580000, 0x00000000f0f80000, 0x0000000100000000)
  eden space 332800K, 100% used [0x00000000d5580000,0x00000000e9a80000,0x00000000e9a80000)
  from space 19968K, 0% used [0x00000000e9a80000,0x00000000e9a80000,0x00000000eae00000)
  to   space 24064K, 0% used [0x00000000ef800000,0x00000000ef800000,0x00000000f0f80000)
 ParOldGen       total 137728K, used 35664K [0x0000000080000000, 0x0000000088680000, 0x00000000d5580000)
  object space 137728K, 25% used [0x0000000080000000,0x00000000822d41e0,0x0000000088680000)
 Metaspace       used 71096K, capacity 74930K, committed 75096K, reserved 1114112K
  class space    used 9826K, capacity 10570K, committed 10624K, reserved 1048576K
Event: 7.564 GC heap after
Heap after GC invocations=13 (full 3):
 PSYoungGen      total 411648K, used 24054K [0x00000000d5580000, 0x00000000f0f80000, 0x0000000100000000)
  eden space 387584K, 0% used [0x00000000d5580000,0x00000000d5580000,0x00000000ed000000)
  from space 24064K, 99% used [0x00000000ef800000,0x00000000f0f7daf8,0x00000000f0f80000)
  to   space 28672K, 0% used [0x00000000ed780000,0x00000000ed780000,0x00000000ef380000)
 ParOldGen       total 137728K, used 38621K [0x0000000080000000, 0x0000000088680000, 0x00000000d5580000)
  object space 137728K, 28% used [0x0000000080000000,0x00000000825b76d0,0x0000000088680000)
 Metaspace       used 71096K, capacity 74930K, committed 75096K, reserved 1114112K
  class space    used 9826K, capacity 10570K, committed 10624K, reserved 1048576K
}
Event: 9.826 GC heap before
{Heap before GC invocations=14 (full 3):
 PSYoungGen      total 411648K, used 411638K [0x00000000d5580000, 0x00000000f0f80000, 0x0000000100000000)
  eden space 387584K, 100% used [0x00000000d5580000,0x00000000ed000000,0x00000000ed000000)
  from space 24064K, 99% used [0x00000000ef800000,0x00000000f0f7daf8,0x00000000f0f80000)
  to   space 28672K, 0% used [0x00000000ed780000,0x00000000ed780000,0x00000000ef380000)
 ParOldGen       total 137728K, used 38621K [0x0000000080000000, 0x0000000088680000, 0x00000000d5580000)
  object space 137728K, 28% used [0x0000000080000000,0x00000000825b76d0,0x0000000088680000)
 Metaspace       used 75435K, capacity 79306K, committed 79448K, reserved 1118208K
  class space    used 10334K, capacity 11096K, committed 11136K, reserved 1048576K
Event: 9.854 GC heap after
Heap after GC invocations=14 (full 3):
 PSYoungGen      total 423936K, used 19199K [0x00000000d5580000, 0x00000000f4500000, 0x0000000100000000)
  eden space 395264K, 0% used [0x00000000d5580000,0x00000000d5580000,0x00000000ed780000)
  from space 28672K, 66% used [0x00000000ed780000,0x00000000eea3fe80,0x00000000ef380000)
  to   space 29696K, 0% used [0x00000000f2800000,0x00000000f2800000,0x00000000f4500000)
 ParOldGen       total 137728K, used 55462K [0x0000000080000000, 0x0000000088680000, 0x00000000d5580000)
  object space 137728K, 40% used [0x0000000080000000,0x0000000083629b90,0x0000000088680000)
 Metaspace       used 75435K, capacity 79306K, committed 79448K, reserved 1118208K
  class space    used 10334K, capacity 11096K, committed 11136K, reserved 1048576K
}

