# JRE version: OpenJDK Runtime Environment (8.0_242-b01) (build 1.8.0_242-release-1644-b01)
# Java VM: OpenJDK 64-Bit Server VM (25.242-b01 mixed mode windows-amd64 compressed oops)
Heap:
 PSYoungGen      total 190464K, used 139291K [0x00000000d5580000, 0x00000000e4880000, 0x0000000100000000)
  eden space 171520K, 72% used [0x00000000d5580000,0x00000000dced3f30,0x00000000dfd00000)
  from space 18944K, 79% used [0x00000000dfd00000,0x00000000e0bb2f78,0x00000000e0f80000)
  to   space 20480K, 0% used [0x00000000e3480000,0x00000000e3480000,0x00000000e4880000)
 ParOldGen       total 125952K, used 32347K [0x0000000080000000, 0x0000000087b00000, 0x00000000d5580000)
  object space 125952K, 25% used [0x0000000080000000,0x0000000081f96c40,0x0000000087b00000)
 Metaspace       used 74377K, capacity 77892K, committed 78104K, reserved 1116160K
  class space    used 10095K, capacity 10756K, committed 10800K, reserved 1048576K
GC Heap History (10 events):
Event: 3.249 GC heap before
{Heap before GC invocations=12 (full 2):
 PSYoungGen      total 129536K, used 118784K [0x00000000d5580000, 0x00000000df400000, 0x0000000100000000)
  eden space 118784K, 100% used [0x00000000d5580000,0x00000000dc980000,0x00000000dc980000)
  from space 10752K, 0% used [0x00000000dc980000,0x00000000dc980000,0x00000000dd400000)
  to   space 12288K, 0% used [0x00000000de800000,0x00000000de800000,0x00000000df400000)
 ParOldGen       total 83968K, used 17693K [0x0000000080000000, 0x0000000085200000, 0x00000000d5580000)
  object space 83968K, 21% used [0x0000000080000000,0x0000000081147450,0x0000000085200000)
 Metaspace       used 39324K, capacity 41152K, committed 41512K, reserved 1085440K
  class space    used 5433K, capacity 5828K, committed 5936K, reserved 1048576K
Event: 3.255 GC heap after
Heap after GC invocations=12 (full 2):
 PSYoungGen      total 149504K, used 9458K [0x00000000d5580000, 0x00000000e0200000, 0x0000000100000000)
  eden space 137216K, 0% used [0x00000000d5580000,0x00000000d5580000,0x00000000ddb80000)
  from space 12288K, 76% used [0x00000000de800000,0x00000000df13cbb8,0x00000000df400000)
  to   space 12800K, 0% used [0x00000000ddb80000,0x00000000ddb80000,0x00000000de800000)
 ParOldGen       total 83968K, used 17701K [0x0000000080000000, 0x0000000085200000, 0x00000000d5580000)
  object space 83968K, 21% used [0x0000000080000000,0x0000000081149450,0x0000000085200000)
 Metaspace       used 39324K, capacity 41152K, committed 41512K, reserved 1085440K
  class space    used 5433K, capacity 5828K, committed 5936K, reserved 1048576K
}
Event: 4.174 GC heap before
{Heap before GC invocations=13 (full 2):
 PSYoungGen      total 149504K, used 146674K [0x00000000d5580000, 0x00000000e0200000, 0x0000000100000000)
  eden space 137216K, 100% used [0x00000000d5580000,0x00000000ddb80000,0x00000000ddb80000)
  from space 12288K, 76% used [0x00000000de800000,0x00000000df13cbb8,0x00000000df400000)
  to   space 12800K, 0% used [0x00000000ddb80000,0x00000000ddb80000,0x00000000de800000)
 ParOldGen       total 83968K, used 17701K [0x0000000080000000, 0x0000000085200000, 0x00000000d5580000)
  object space 83968K, 21% used [0x0000000080000000,0x0000000081149450,0x0000000085200000)
 Metaspace       used 52100K, capacity 54166K, committed 54312K, reserved 1095680K
  class space    used 6974K, capacity 7393K, committed 7472K, reserved 1048576K
Event: 4.187 GC heap after
Heap after GC invocations=13 (full 2):
 PSYoungGen      total 150016K, used 12772K [0x00000000d5580000, 0x00000000e2100000, 0x0000000100000000)
  eden space 137216K, 0% used [0x00000000d5580000,0x00000000d5580000,0x00000000ddb80000)
  from space 12800K, 99% used [0x00000000ddb80000,0x00000000de7f9310,0x00000000de800000)
  to   space 17920K, 0% used [0x00000000e0f80000,0x00000000e0f80000,0x00000000e2100000)
 ParOldGen       total 83968K, used 27655K [0x0000000080000000, 0x0000000085200000, 0x00000000d5580000)
  object space 83968K, 32% used [0x0000000080000000,0x0000000081b01cf8,0x0000000085200000)
 Metaspace       used 52100K, capacity 54166K, committed 54312K, reserved 1095680K
  class space    used 6974K, capacity 7393K, committed 7472K, reserved 1048576K
}
Event: 4.585 GC heap before
{Heap before GC invocations=14 (full 2):
 PSYoungGen      total 150016K, used 63721K [0x00000000d5580000, 0x00000000e2100000, 0x0000000100000000)
  eden space 137216K, 37% used [0x00000000d5580000,0x00000000d8741378,0x00000000ddb80000)
  from space 12800K, 99% used [0x00000000ddb80000,0x00000000de7f9310,0x00000000de800000)
  to   space 17920K, 0% used [0x00000000e0f80000,0x00000000e0f80000,0x00000000e2100000)
 ParOldGen       total 83968K, used 27655K [0x0000000080000000, 0x0000000085200000, 0x00000000d5580000)
  object space 83968K, 32% used [0x0000000080000000,0x0000000081b01cf8,0x0000000085200000)
 Metaspace       used 56723K, capacity 59116K, committed 59160K, reserved 1099776K
  class space    used 7765K, capacity 8219K, committed 8240K, reserved 1048576K
Event: 4.602 GC heap after
Heap after GC invocations=14 (full 2):
 PSYoungGen      total 189440K, used 13837K [0x00000000d5580000, 0x00000000e2800000, 0x0000000100000000)
  eden space 171520K, 0% used [0x00000000d5580000,0x00000000d5580000,0x00000000dfd00000)
  from space 17920K, 77% used [0x00000000e0f80000,0x00000000e1d03578,0x00000000e2100000)
  to   space 18944K, 0% used [0x00000000dfd00000,0x00000000dfd00000,0x00000000e0f80000)
 ParOldGen       total 83968K, used 32621K [0x0000000080000000, 0x0000000085200000, 0x00000000d5580000)
  object space 83968K, 38% used [0x0000000080000000,0x0000000081fdb4a8,0x0000000085200000)
 Metaspace       used 56723K, capacity 59116K, committed 59160K, reserved 1099776K
  class space    used 7765K, capacity 8219K, committed 8240K, reserved 1048576K
}
Event: 4.602 GC heap before
{Heap before GC invocations=15 (full 3):
 PSYoungGen      total 189440K, used 13837K [0x00000000d5580000, 0x00000000e2800000, 0x0000000100000000)
  eden space 171520K, 0% used [0x00000000d5580000,0x00000000d5580000,0x00000000dfd00000)
  from space 17920K, 77% used [0x00000000e0f80000,0x00000000e1d03578,0x00000000e2100000)
  to   space 18944K, 0% used [0x00000000dfd00000,0x00000000dfd00000,0x00000000e0f80000)
 ParOldGen       total 83968K, used 32621K [0x0000000080000000, 0x0000000085200000, 0x00000000d5580000)
  object space 83968K, 38% used [0x0000000080000000,0x0000000081fdb4a8,0x0000000085200000)
 Metaspace       used 56723K, capacity 59116K, committed 59160K, reserved 1099776K
  class space    used 7765K, capacity 8219K, committed 8240K, reserved 1048576K
Event: 4.731 GC heap after
Heap after GC invocations=15 (full 3):
 PSYoungGen      total 189440K, used 0K [0x00000000d5580000, 0x00000000e2800000, 0x0000000100000000)
  eden space 171520K, 0% used [0x00000000d5580000,0x00000000d5580000,0x00000000dfd00000)
  from space 17920K, 0% used [0x00000000e0f80000,0x00000000e0f80000,0x00000000e2100000)
  to   space 18944K, 0% used [0x00000000dfd00000,0x00000000dfd00000,0x00000000e0f80000)
 ParOldGen       total 125952K, used 32339K [0x0000000080000000, 0x0000000087b00000, 0x00000000d5580000)
  object space 125952K, 25% used [0x0000000080000000,0x0000000081f94c40,0x0000000087b00000)
 Metaspace       used 56684K, capacity 58984K, committed 59160K, reserved 1099776K
  class space    used 7753K, capacity 8197K, committed 8240K, reserved 1048576K
}
Event: 5.838 GC heap before
{Heap before GC invocations=16 (full 3):
 PSYoungGen      total 189440K, used 171520K [0x00000000d5580000, 0x00000000e2800000, 0x0000000100000000)
  eden space 171520K, 100% used [0x00000000d5580000,0x00000000dfd00000,0x00000000dfd00000)
  from space 17920K, 0% used [0x00000000e0f80000,0x00000000e0f80000,0x00000000e2100000)
  to   space 18944K, 0% used [0x00000000dfd00000,0x00000000dfd00000,0x00000000e0f80000)
 ParOldGen       total 125952K, used 32339K [0x0000000080000000, 0x0000000087b00000, 0x00000000d5580000)
  object space 125952K, 25% used [0x0000000080000000,0x0000000081f94c40,0x0000000087b00000)
 Metaspace       used 63414K, capacity 66638K, committed 66840K, reserved 1105920K
  class space    used 8790K, capacity 9410K, committed 9520K, reserved 1048576K
Event: 5.849 GC heap after
Heap after GC invocations=16 (full 3):
 PSYoungGen      total 190464K, used 15051K [0x00000000d5580000, 0x00000000e4880000, 0x0000000100000000)
  eden space 171520K, 0% used [0x00000000d5580000,0x00000000d5580000,0x00000000dfd00000)
  from space 18944K, 79% used [0x00000000dfd00000,0x00000000e0bb2f78,0x00000000e0f80000)
  to   space 20480K, 0% used [0x00000000e3480000,0x00000000e3480000,0x00000000e4880000)
 ParOldGen       total 125952K, used 32347K [0x0000000080000000, 0x0000000087b00000, 0x00000000d5580000)
  object space 125952K, 25% used [0x0000000080000000,0x0000000081f96c40,0x0000000087b00000)
 Metaspace       used 63414K, capacity 66638K, committed 66840K, reserved 1105920K
  class space    used 8790K, capacity 9410K, committed 9520K, reserved 1048576K
}

